<?xml version="1.0" encoding="UTF-8"?>
<!-- Generated by org.testng.reporters.JUnitReportReporter -->
<testsuite hostname="DESKTOP-10OOLCR" failures="0" tests="1" name="com.comcast.crm.contacttest.SignUpTest" time="3.860" errors="0" timestamp="2024-07-15T14:53:48 IST" skipped="0">
  <testcase classname="com.comcast.crm.contacttest.SignUpTest" name="signup" time="3.860"/>
  <system-out>
    <![CDATA[user is created for login]]>
  </system-out>
</testsuite> <!-- com.comcast.crm.contacttest.SignUpTest -->
