<?xml version="1.0" encoding="UTF-8"?>
<!-- Generated by org.testng.reporters.JUnitReportReporter -->
<testsuite hostname="DESKTOP-10OOLCR" failures="0" tests="1" name="com.comcast.crm.contacttest.AddCartTest" time="4.865" errors="0" timestamp="2024-07-15T14:53:48 IST" skipped="0">
  <testcase classname="com.comcast.crm.contacttest.AddCartTest" name="addProductCartTest" time="4.865"/>
  <system-out>
    <![CDATA[try to add item to cart
product added to cart successfully]]>
  </system-out>
</testsuite> <!-- com.comcast.crm.contacttest.AddCartTest -->
