<?xml version="1.0" encoding="UTF-8"?>
<!-- Generated by org.testng.reporters.JUnitReportReporter -->
<testsuite hostname="DESKTOP-10OOLCR" failures="0" tests="1" name="com.comcast.crm.contacttest.RemoveProductAddCart" time="4.088" errors="0" timestamp="2024-07-15T14:53:48 IST" skipped="0">
  <testcase classname="com.comcast.crm.contacttest.RemoveProductAddCart" name="RemoveProductCartTest" time="4.088"/>
  <system-out>
    <![CDATA[clicked furniture link
product added to cart
product removed to cart]]>
  </system-out>
</testsuite> <!-- com.comcast.crm.contacttest.RemoveProductAddCart -->
