<?xml version="1.0" encoding="UTF-8"?>
<!-- Generated by org.testng.reporters.JUnitReportReporter -->
<testsuite hostname="DESKTOP-10OOLCR" failures="0" tests="1" name="com.comcast.crm.contacttest.CheckOut" time="6.149" errors="0" timestamp="2024-07-15T14:53:48 IST" skipped="0">
  <testcase classname="com.comcast.crm.contacttest.CheckOut" name="checkout1" time="6.149"/>
  <system-out>
    <![CDATA[clicked toys link
toy added to cart
ordered item is trackable]]>
  </system-out>
</testsuite> <!-- com.comcast.crm.contacttest.CheckOut -->
